{"/Users/Mimmo/Projects/pig-pong/Gruntfile.js":{"path":"/Users/Mimmo/Projects/pig-pong/Gruntfile.js","s":{"1":1,"2":1,"3":1,"4":1,"5":1},"b":{},"f":{"1":1},"fnMap":{"1":{"name":"(anonymous_1)","line":1,"loc":{"start":{"line":1,"column":17},"end":{"line":1,"column":33}}}},"statementMap":{"1":{"start":{"line":1,"column":0},"end":{"line":24,"column":2}},"2":{"start":{"line":3,"column":0},"end":{"line":18,"column":4}},"3":{"start":{"line":20,"column":1},"end":{"line":20,"column":44}},"4":{"start":{"line":21,"column":1},"end":{"line":21,"column":44}},"5":{"start":{"line":22,"column":1},"end":{"line":22,"column":88}}},"branchMap":{}}}